2025-06-24 12:16:38,784 DEBUG Detected depreciation method type: percentage
2025-06-24 12:16:38,884 DEBUG investment_data: [RealDictRow({'year': 2025, 'investment_amount': Decimal('-50000'), 'start_year': 2025, 'month': 1}), RealDictRow({'year': 2026, 'investment_amount': Decimal('0'), 'start_year': None, 'month': None}), RealDictRow({'year': 2027, 'investment_amount': Decimal('0'), 'start_year': None, 'month': None}), RealDictRow({'year': 2028, 'investment_amount': Decimal('0'), 'start_year': None, 'month': None}), RealDictRow({'year': 2029, 'investment_amount': Decimal('0'), 'start_year': None, 'month': None}), RealDictRow({'year': 2030, 'investment_amount': Decimal('0'), 'start_year': None, 'month': None}), RealDictRow({'year': 2031, 'investment_amount': Decimal('0'), 'start_year': None, 'month': None}), RealDictRow({'year': 2032, 'investment_amount': Decimal('0'), 'start_year': None, 'month': None}), RealDictRow({'year': 2033, 'investment_amount': Decimal('0'), 'start_year': None, 'month': None}), RealDictRow({'year': 2034, 'investment_amount': Decimal('0'), 'start_year': None, 'month': None}), RealDictRow({'year': 2035, 'investment_amount': Decimal('0'), 'start_year': None, 'month': None})]
2025-06-24 12:16:38,892 DEBUG df after inverting investment_amount:     year  investment_amount  start_year  month
0   2025            50000.0      2025.0    1.0
1   2026               -0.0         NaN    NaN
2   2027               -0.0         NaN    NaN
3   2028               -0.0         NaN    NaN
4   2029               -0.0         NaN    NaN
5   2030               -0.0         NaN    NaN
6   2031               -0.0         NaN    NaN
7   2032               -0.0         NaN    NaN
8   2033               -0.0         NaN    NaN
9   2034               -0.0         NaN    NaN
10  2035               -0.0         NaN    NaN
2025-06-24 12:16:38,894 DEBUG Depreciation starts at 2025-1, total investment: 50000.0
2025-06-24 12:21:12,848 DEBUG Detected depreciation method type: percentage
2025-06-24 12:21:12,953 DEBUG investment_data: [RealDictRow({'year': 2025, 'investment_amount': Decimal('-50000'), 'start_year': 2025, 'month': 1}), RealDictRow({'year': 2026, 'investment_amount': Decimal('0'), 'start_year': None, 'month': None}), RealDictRow({'year': 2027, 'investment_amount': Decimal('0'), 'start_year': None, 'month': None}), RealDictRow({'year': 2028, 'investment_amount': Decimal('0'), 'start_year': None, 'month': None}), RealDictRow({'year': 2029, 'investment_amount': Decimal('0'), 'start_year': None, 'month': None}), RealDictRow({'year': 2030, 'investment_amount': Decimal('0'), 'start_year': None, 'month': None}), RealDictRow({'year': 2031, 'investment_amount': Decimal('0'), 'start_year': None, 'month': None}), RealDictRow({'year': 2032, 'investment_amount': Decimal('0'), 'start_year': None, 'month': None}), RealDictRow({'year': 2033, 'investment_amount': Decimal('0'), 'start_year': None, 'month': None}), RealDictRow({'year': 2034, 'investment_amount': Decimal('0'), 'start_year': None, 'month': None}), RealDictRow({'year': 2035, 'investment_amount': Decimal('0'), 'start_year': None, 'month': None})]
2025-06-24 12:21:12,957 ERROR Error in handle_depreciation_calculation: '<' not supported between instances of 'str' and 'int'
2025-06-24 12:21:12,959 INFO 127.0.0.1 - - [24/Jun/2025 12:21:12] "POST /api/projects/S704L15/calculate-depreciations HTTP/1.1" 200 -
2025-06-24 12:21:26,940 INFO 127.0.0.1 - - [24/Jun/2025 12:21:26] "GET /api/projects/S704L15/has-calculated-depreciations HTTP/1.1" 200 -
2025-06-24 12:21:42,012 INFO  * Detected change in '/workspaces/Depreciation-Simulation/services/calculation_service.py', reloading
2025-06-24 12:21:56,735 DEBUG Detected depreciation method type: percentage
2025-06-24 12:21:56,832 DEBUG investment_data: [RealDictRow({'year': 2025, 'investment_amount': Decimal('-50000'), 'start_year': 2025, 'month': 1}), RealDictRow({'year': 2026, 'investment_amount': Decimal('0'), 'start_year': None, 'month': None}), RealDictRow({'year': 2027, 'investment_amount': Decimal('0'), 'start_year': None, 'month': None}), RealDictRow({'year': 2028, 'investment_amount': Decimal('0'), 'start_year': None, 'month': None}), RealDictRow({'year': 2029, 'investment_amount': Decimal('0'), 'start_year': None, 'month': None}), RealDictRow({'year': 2030, 'investment_amount': Decimal('0'), 'start_year': None, 'month': None}), RealDictRow({'year': 2031, 'investment_amount': Decimal('0'), 'start_year': None, 'month': None}), RealDictRow({'year': 2032, 'investment_amount': Decimal('0'), 'start_year': None, 'month': None}), RealDictRow({'year': 2033, 'investment_amount': Decimal('0'), 'start_year': None, 'month': None}), RealDictRow({'year': 2034, 'investment_amount': Decimal('0'), 'start_year': None, 'month': None}), RealDictRow({'year': 2035, 'investment_amount': Decimal('0'), 'start_year': None, 'month': None})]
2025-06-24 12:21:56,839 DEBUG df after inverting investment_amount:     year investment_amount  start_year  month
0   2025            -50000      2025.0    1.0
1   2026                 0         NaN    NaN
2   2027                 0         NaN    NaN
3   2028                 0         NaN    NaN
4   2029                 0         NaN    NaN
5   2030                 0         NaN    NaN
6   2031                 0         NaN    NaN
7   2032                 0         NaN    NaN
8   2033                 0         NaN    NaN
9   2034                 0         NaN    NaN
10  2035                 0         NaN    NaN
2025-06-24 12:21:56,842 DEBUG Depreciation starts at 2025-1, total investment: -50000
2025-06-24 12:21:56,843 DEBUG Tulos: Empty DataFrame
Columns: []
Index: []
2025-06-24 12:21:56,844 INFO 127.0.0.1 - - [24/Jun/2025 12:21:56] "POST /api/projects/S704L15/calculate-depreciations HTTP/1.1" 200 -
2025-06-24 12:22:01,784 INFO 127.0.0.1 - - [24/Jun/2025 12:22:01] "GET /api/projects/S704L15/has-calculated-depreciations HTTP/1.1" 200 -
2025-06-24 12:27:41,310 INFO  * Detected change in '/workspaces/Depreciation-Simulation/services/calculation_service.py', reloading
2025-06-24 12:30:42,182 DEBUG Detected depreciation method type: percentage
2025-06-24 12:30:42,314 DEBUG investment_data: [RealDictRow({'year': 2025, 'investment_amount': Decimal('-50000'), 'start_year': 2025, 'month': 1}), RealDictRow({'year': 2026, 'investment_amount': Decimal('0'), 'start_year': None, 'month': None}), RealDictRow({'year': 2027, 'investment_amount': Decimal('0'), 'start_year': None, 'month': None}), RealDictRow({'year': 2028, 'investment_amount': Decimal('0'), 'start_year': None, 'month': None}), RealDictRow({'year': 2029, 'investment_amount': Decimal('0'), 'start_year': None, 'month': None}), RealDictRow({'year': 2030, 'investment_amount': Decimal('0'), 'start_year': None, 'month': None}), RealDictRow({'year': 2031, 'investment_amount': Decimal('0'), 'start_year': None, 'month': None}), RealDictRow({'year': 2032, 'investment_amount': Decimal('0'), 'start_year': None, 'month': None}), RealDictRow({'year': 2033, 'investment_amount': Decimal('0'), 'start_year': None, 'month': None}), RealDictRow({'year': 2034, 'investment_amount': Decimal('0'), 'start_year': None, 'month': None}), RealDictRow({'year': 2035, 'investment_amount': Decimal('0'), 'start_year': None, 'month': None})]
2025-06-24 12:30:42,323 DEBUG df after inverting investment_amount:     year  investment_amount  start_year  month
0   2025              50000      2025.0    1.0
1   2026                  0         NaN    NaN
2   2027                  0         NaN    NaN
3   2028                  0         NaN    NaN
4   2029                  0         NaN    NaN
5   2030                  0         NaN    NaN
6   2031                  0         NaN    NaN
7   2032                  0         NaN    NaN
8   2033                  0         NaN    NaN
9   2034                  0         NaN    NaN
10  2035                  0         NaN    NaN
2025-06-24 12:30:42,325 DEBUG Depreciation starts at 2025-1, total investment: 50000
2025-06-24 12:39:12,049 DEBUG Detected depreciation method type: percentage
2025-06-24 12:39:12,154 DEBUG investment_data: [RealDictRow({'year': 2025, 'investment_amount': Decimal('-50000'), 'start_year': 2025, 'month': 1}), RealDictRow({'year': 2026, 'investment_amount': Decimal('0'), 'start_year': None, 'month': None}), RealDictRow({'year': 2027, 'investment_amount': Decimal('0'), 'start_year': None, 'month': None}), RealDictRow({'year': 2028, 'investment_amount': Decimal('0'), 'start_year': None, 'month': None}), RealDictRow({'year': 2029, 'investment_amount': Decimal('0'), 'start_year': None, 'month': None}), RealDictRow({'year': 2030, 'investment_amount': Decimal('0'), 'start_year': None, 'month': None}), RealDictRow({'year': 2031, 'investment_amount': Decimal('0'), 'start_year': None, 'month': None}), RealDictRow({'year': 2032, 'investment_amount': Decimal('0'), 'start_year': None, 'month': None}), RealDictRow({'year': 2033, 'investment_amount': Decimal('0'), 'start_year': None, 'month': None}), RealDictRow({'year': 2034, 'investment_amount': Decimal('0'), 'start_year': None, 'month': None}), RealDictRow({'year': 2035, 'investment_amount': Decimal('0'), 'start_year': None, 'month': None})]
2025-06-24 12:39:12,161 DEBUG df after inverting investment_amount:     year  investment_amount  start_year  month
0   2025              50000      2025.0    1.0
1   2026                  0         NaN    NaN
2   2027                  0         NaN    NaN
3   2028                  0         NaN    NaN
4   2029                  0         NaN    NaN
5   2030                  0         NaN    NaN
6   2031                  0         NaN    NaN
7   2032                  0         NaN    NaN
8   2033                  0         NaN    NaN
9   2034                  0         NaN    NaN
10  2035                  0         NaN    NaN
2025-06-24 12:39:12,166 DEBUG Depreciation starts at 2025-1, total investment: 50000
2025-06-24 12:45:44,686 DEBUG Detected depreciation method type: percentage
2025-06-24 12:45:44,791 DEBUG investment_data: [RealDictRow({'year': 2025, 'investment_amount': Decimal('-50000'), 'start_year': 2025, 'month': 1}), RealDictRow({'year': 2026, 'investment_amount': Decimal('0'), 'start_year': None, 'month': None}), RealDictRow({'year': 2027, 'investment_amount': Decimal('0'), 'start_year': None, 'month': None}), RealDictRow({'year': 2028, 'investment_amount': Decimal('0'), 'start_year': None, 'month': None}), RealDictRow({'year': 2029, 'investment_amount': Decimal('0'), 'start_year': None, 'month': None}), RealDictRow({'year': 2030, 'investment_amount': Decimal('0'), 'start_year': None, 'month': None}), RealDictRow({'year': 2031, 'investment_amount': Decimal('0'), 'start_year': None, 'month': None}), RealDictRow({'year': 2032, 'investment_amount': Decimal('0'), 'start_year': None, 'month': None}), RealDictRow({'year': 2033, 'investment_amount': Decimal('0'), 'start_year': None, 'month': None}), RealDictRow({'year': 2034, 'investment_amount': Decimal('0'), 'start_year': None, 'month': None}), RealDictRow({'year': 2035, 'investment_amount': Decimal('0'), 'start_year': None, 'month': None})]
2025-06-24 12:45:44,800 DEBUG df after inverting investment_amount:     year  investment_amount  start_year  month
0   2025              50000      2025.0    1.0
1   2026                  0         NaN    NaN
2   2027                  0         NaN    NaN
3   2028                  0         NaN    NaN
4   2029                  0         NaN    NaN
5   2030                  0         NaN    NaN
6   2031                  0         NaN    NaN
7   2032                  0         NaN    NaN
8   2033                  0         NaN    NaN
9   2034                  0         NaN    NaN
10  2035                  0         NaN    NaN
2025-06-24 12:45:44,803 DEBUG Depreciation starts at 2025-1, total investment: 50000
2025-06-24 12:45:44,805 DEBUG Tulos:     year  month
0   2025      1
1   2025      2
2   2025      3
3   2025      4
4   2025      5
5   2025      6
6   2025      7
7   2025      8
8   2025      9
9   2025     10
10  2025     11
11  2025     12
12  2026      1
13  2026      2
14  2026      3
15  2026      4
16  2026      5
17  2026      6
18  2026      7
19  2026      8
20  2026      9
21  2026     10
22  2026     11
23  2026     12
2025-06-24 12:45:44,806 INFO 127.0.0.1 - - [24/Jun/2025 12:45:44] "POST /api/projects/S704L15/calculate-depreciations HTTP/1.1" 200 -
2025-06-24 12:45:47,320 INFO 127.0.0.1 - - [24/Jun/2025 12:45:47] "GET /api/projects/S704L15/has-calculated-depreciations HTTP/1.1" 200 -
2025-06-24 12:46:57,866 INFO  * Detected change in '/workspaces/Depreciation-Simulation/services/calculation_service.py', reloading
2025-06-24 12:49:57,118 DEBUG Detected depreciation method type: percentage
2025-06-24 12:49:57,215 DEBUG investment_data: [RealDictRow({'year': 2025, 'investment_amount': Decimal('-50000'), 'start_year': 2025, 'month': 1}), RealDictRow({'year': 2026, 'investment_amount': Decimal('0'), 'start_year': None, 'month': None}), RealDictRow({'year': 2027, 'investment_amount': Decimal('0'), 'start_year': None, 'month': None}), RealDictRow({'year': 2028, 'investment_amount': Decimal('0'), 'start_year': None, 'month': None}), RealDictRow({'year': 2029, 'investment_amount': Decimal('0'), 'start_year': None, 'month': None}), RealDictRow({'year': 2030, 'investment_amount': Decimal('0'), 'start_year': None, 'month': None}), RealDictRow({'year': 2031, 'investment_amount': Decimal('0'), 'start_year': None, 'month': None}), RealDictRow({'year': 2032, 'investment_amount': Decimal('0'), 'start_year': None, 'month': None}), RealDictRow({'year': 2033, 'investment_amount': Decimal('0'), 'start_year': None, 'month': None}), RealDictRow({'year': 2034, 'investment_amount': Decimal('0'), 'start_year': None, 'month': None}), RealDictRow({'year': 2035, 'investment_amount': Decimal('0'), 'start_year': None, 'month': None})]
2025-06-24 12:49:57,222 DEBUG df after inverting investment_amount:     year  investment_amount  start_year  month
0   2025              50000      2025.0    1.0
1   2026                  0         NaN    NaN
2   2027                  0         NaN    NaN
3   2028                  0         NaN    NaN
4   2029                  0         NaN    NaN
5   2030                  0         NaN    NaN
6   2031                  0         NaN    NaN
7   2032                  0         NaN    NaN
8   2033                  0         NaN    NaN
9   2034                  0         NaN    NaN
10  2035                  0         NaN    NaN
2025-06-24 12:49:57,224 DEBUG Depreciation starts at 2025-1, total investment: 50000
2025-06-24 12:49:57,257 DEBUG Tulos:     year  month  investment_amount
0   2025      1                  0
1   2025      2                  0
2   2025      3                  0
3   2025      4                  0
4   2025      5                  0
5   2025      6                  0
6   2025      7                  0
7   2025      8                  0
8   2025      9                  0
9   2025     10                  0
10  2025     11                  0
11  2025     12                  0
12  2026      1                  0
13  2026      2                  0
14  2026      3                  0
15  2026      4                  0
16  2026      5                  0
17  2026      6                  0
18  2026      7                  0
19  2026      8                  0
20  2026      9                  0
21  2026     10                  0
22  2026     11                  0
23  2026     12                  0
2025-06-24 12:49:57,259 INFO 127.0.0.1 - - [24/Jun/2025 12:49:57] "POST /api/projects/S704L15/calculate-depreciations HTTP/1.1" 200 -
2025-06-24 12:49:59,122 INFO 127.0.0.1 - - [24/Jun/2025 12:49:59] "GET /api/projects/S704L15/has-calculated-depreciations HTTP/1.1" 200 -
2025-06-25 10:08:06,184 DEBUG Detected depreciation method type: percentage
2025-06-25 10:08:06,279 DEBUG investment_data: [RealDictRow({'year': 2025, 'investment_amount': Decimal('-50000'), 'start_year': 2025, 'month': 1}), RealDictRow({'year': 2026, 'investment_amount': Decimal('0'), 'start_year': None, 'month': None}), RealDictRow({'year': 2027, 'investment_amount': Decimal('0'), 'start_year': None, 'month': None}), RealDictRow({'year': 2028, 'investment_amount': Decimal('0'), 'start_year': None, 'month': None}), RealDictRow({'year': 2029, 'investment_amount': Decimal('0'), 'start_year': None, 'month': None}), RealDictRow({'year': 2030, 'investment_amount': Decimal('0'), 'start_year': None, 'month': None}), RealDictRow({'year': 2031, 'investment_amount': Decimal('0'), 'start_year': None, 'month': None}), RealDictRow({'year': 2032, 'investment_amount': Decimal('0'), 'start_year': None, 'month': None}), RealDictRow({'year': 2033, 'investment_amount': Decimal('0'), 'start_year': None, 'month': None}), RealDictRow({'year': 2034, 'investment_amount': Decimal('0'), 'start_year': None, 'month': None}), RealDictRow({'year': 2035, 'investment_amount': Decimal('0'), 'start_year': None, 'month': None})]
2025-06-25 10:08:06,298 DEBUG df after inverting investment_amount:     year  investment_amount  start_year  month
0   2025              50000      2025.0    1.0
1   2026                  0         NaN    NaN
2   2027                  0         NaN    NaN
3   2028                  0         NaN    NaN
4   2029                  0         NaN    NaN
5   2030                  0         NaN    NaN
6   2031                  0         NaN    NaN
7   2032                  0         NaN    NaN
8   2033                  0         NaN    NaN
9   2034                  0         NaN    NaN
10  2035                  0         NaN    NaN
2025-06-25 10:08:06,305 DEBUG Depreciation starts at 2025-1, total investment: 50000
2025-06-25 10:08:06,325 DEBUG Tulos:     year  month  investment_amount
0   2025      1              50000
1   2025      2                  0
2   2025      3                  0
3   2025      4                  0
4   2025      5                  0
5   2025      6                  0
6   2025      7                  0
7   2025      8                  0
8   2025      9                  0
9   2025     10                  0
10  2025     11                  0
11  2025     12                  0
12  2026      1                  0
13  2026      2                  0
14  2026      3                  0
15  2026      4                  0
16  2026      5                  0
17  2026      6                  0
18  2026      7                  0
19  2026      8                  0
20  2026      9                  0
21  2026     10                  0
22  2026     11                  0
23  2026     12                  0
2025-06-25 10:08:06,326 INFO 127.0.0.1 - - [25/Jun/2025 10:08:06] "POST /api/projects/S704L15/calculate-depreciations HTTP/1.1" 200 -
2025-06-25 10:08:08,601 INFO 127.0.0.1 - - [25/Jun/2025 10:08:08] "GET /api/projects/S704L15/has-calculated-depreciations HTTP/1.1" 200 -
